<!DOCTYPE html PUBLIC "-//W3C//DTD XHTML 1.1//EN" "https://www.w3.org/TR/xhtml11/DTD/xhtml11.dtd">
<html xmlns="https://www.w3.org/1999/xhtml">
<head>
<meta http-equiv="content-type" content="text/html; charset=UTF-8"/>
<title>TestNG Report</title>
<style type="text/css">table {margin-bottom:10px;border-collapse:collapse;empty-cells:show}th,td {border:1px solid #009;padding:.25em .5em}th {vertical-align:bottom}td {vertical-align:top}table a {font-weight:bold}.stripe td {background-color: #E6EBF9}.num {text-align:right}.passedodd td {background-color: #3F3}.passedeven td {background-color: #0A0}.skippedodd td {background-color: #DDD}.skippedeven td {background-color: #CCC}.failedodd td,.attn {background-color: #F33}.failedeven td,.stripe .attn {background-color: #D00}.stacktrace {white-space:pre;font-family:monospace}.totop {font-size:85%;text-align:center;border-bottom:2px solid #000}.invisible {display:none}</style>
</head>
<body>
<table>
<tr><th>Test</th><th># Passed</th><th># Skipped</th><th># Retried</th><th># Failed</th><th>Time (ms)</th><th>Included Groups</th><th>Excluded Groups</th></tr>
<tr><th colspan="8">Automation-Exercise Regression suite</th></tr>
<tr><td><a href="#t0">Regression test</a></td><td class="num">15</td><td class="num attn">2</td><td class="num">0</td><td class="num attn">6</td><td class="num">357,163</td><td></td><td></td></tr>
</table>
<table id='summary'><thead><tr><th>Class</th><th>Method</th><th>Start</th><th>Time (ms)</th></tr></thead><tbody><tr><th colspan="4">Automation-Exercise Regression suite</th></tr></tbody><tbody id="t0"><tr><th colspan="4">Regression test &#8212; failed (configuration methods)</th></tr><tr class="failedeven"><td rowspan="1">tests.RemoveProductsFromCart</td><td><a href="#m0">openBrowser</a></td><td rowspan="1">1747057619757</td><td rowspan="1">3104</td></tr><tr><th colspan="4">Regression test &#8212; failed</th></tr><tr class="failedeven"><td rowspan="3">tests.LoginTest_Happy_And_Negative_Scenario</td><td><a href="#m1">LoginTest_HappyScenario</a></td><td rowspan="1">1747057547430</td><td rowspan="1">9</td></tr><tr class="failedeven"><td><a href="#m2">LoginTest_NegativeScenario</a></td><td rowspan="2">1747057547448</td><td rowspan="2">3</td></tr><tr class="failedeven"><td><a href="#m3">LoginTest_NegativeScenario</a></td></tr><tr class="failedodd"><td rowspan="1">tests.PlaceOrderTest</td><td><a href="#m4">userCanCheckoutOrder</a></td><td rowspan="1">1747057557985</td><td rowspan="1">60343</td></tr><tr class="failedeven"><td rowspan="2">tests.ResgisterTests_HappyAndNegative</td><td><a href="#m5">Register_Test_HappyScenarioBasicData</a></td><td rowspan="1">1747057634863</td><td rowspan="1">2</td></tr><tr class="failedeven"><td><a href="#m6">Register_Test_HappyScenarioFullData</a></td><td rowspan="1">1747057634850</td><td rowspan="1">9</td></tr><tr><th colspan="4">Regression test &#8212; skipped (configuration methods)</th></tr><tr class="skippedeven"><td rowspan="1">tests.RemoveProductsFromCart</td><td><a href="#m7">closeBrowser</a></td><td rowspan="1">1747057622881</td><td rowspan="1">0</td></tr><tr><th colspan="4">Regression test &#8212; skipped</th></tr><tr class="skippedeven"><td rowspan="1">tests.RemoveProductsFromCart</td><td><a href="#m8">removeProductsFromCart</a></td><td rowspan="1">1747057622870</td><td rowspan="1">0</td></tr><tr class="skippedodd"><td rowspan="1">tests.ResgisterTests_HappyAndNegative</td><td><a href="#m9">RegisterTest_Negative_Scenario</a></td><td rowspan="1">1747057634871</td><td rowspan="1">0</td></tr><tr><th colspan="4">Regression test &#8212; passed</th></tr><tr class="passedeven"><td rowspan="1">tests.AddProductsInCart</td><td><a href="#m10">addProductsInCart</a></td><td rowspan="1">1747057482113</td><td rowspan="1">12621</td></tr><tr class="passedodd"><td rowspan="1">tests.AddReviewTest</td><td><a href="#m11">addReview</a></td><td rowspan="1">1747057508569</td><td rowspan="1">14597</td></tr><tr class="passedeven"><td rowspan="1">tests.ContactUs</td><td><a href="#m12">UserCanContactUs</a></td><td rowspan="1">1747057535618</td><td rowspan="1">3382</td></tr><tr class="passedodd"><td rowspan="1">tests.SearchProduct</td><td><a href="#m13">searchProduct</a></td><td rowspan="1">1747057646211</td><td rowspan="1">11132</td></tr><tr class="passedeven"><td rowspan="1">tests.SearchProductsandVerifyCartAfterLogin</td><td><a href="#m14">Shearch</a></td><td rowspan="1">1747057668383</td><td rowspan="1">19654</td></tr><tr class="passedodd"><td rowspan="1">tests.VerifyAllProduct</td><td><a href="#m15">verifyAllProducts</a></td><td rowspan="1">1747057758566</td><td rowspan="1">10906</td></tr><tr class="passedeven"><td rowspan="1">tests.VerifyProductQuantityInCart</td><td><a href="#m16">verifyProductQuantityInCart</a></td><td rowspan="1">1747057700982</td><td rowspan="1">8301</td></tr><tr class="passedodd"><td rowspan="2">tests.VerifyScroll</td><td><a href="#m17">ScrollUPDwonUsingArrowbutton</a></td><td rowspan="1">1747057793004</td><td rowspan="1">246</td></tr><tr class="passedodd"><td><a href="#m18">ScrollUPDwonWithoutUsingArrowbutton</a></td><td rowspan="1">1747057793257</td><td rowspan="1">280</td></tr><tr class="passedeven"><td rowspan="1">tests.VerifySubscriptionInCartPage</td><td><a href="#m19">verifySubscriptionInCartPage</a></td><td rowspan="1">1747057735800</td><td rowspan="1">1490</td></tr><tr class="passedodd"><td rowspan="1">tests.VerifySubscriptionInHomePage</td><td><a href="#m20">verifySubscriptionInHomePage</a></td><td rowspan="1">1747057747800</td><td rowspan="1">353</td></tr><tr class="passedeven"><td rowspan="1">tests.VerifyTestCasesPage</td><td><a href="#m21">TestCasesPageExist</a></td><td rowspan="1">1747057780799</td><td rowspan="1">2811</td></tr><tr class="passedodd"><td rowspan="3">tests.ViewCategoryProductsandBrands</td><td><a href="#m22">Brands</a></td><td rowspan="1">1747057822374</td><td rowspan="1">3740</td></tr><tr class="passedodd"><td><a href="#m23">MenCategory</a></td><td rowspan="1">1747057817834</td><td rowspan="1">4538</td></tr><tr class="passedodd"><td><a href="#m24">WomenCategory</a></td><td rowspan="1">1747057802792</td><td rowspan="1">15040</td></tr></tbody>
</table>
<h2>Regression test</h2><h3 id="m0">tests.RemoveProductsFromCart#openBrowser</h3><table class="result"><tr><th>Exception</th></tr><tr><td><div class="stacktrace">org.openqa.selenium.WebDriverException: unknown error: JavaScript code failed
from unknown command: &apos;Runtime.evaluate&apos; wasn&apos;t found
  (Session info: MicrosoftEdge=136.0.3240.64)
Build info: version: &apos;4.31.0&apos;, revision: &apos;1ef9f18787*&apos;
System info: os.name: &apos;Windows 11&apos;, os.arch: &apos;amd64&apos;, os.version: &apos;10.0&apos;, java.version: &apos;21.0.1&apos;
Driver info: org.openqa.selenium.edge.EdgeDriver
Command: [0e9753f5d606cbc227253b9955147def, maximizeCurrentWindow {}]
Capabilities {acceptInsecureCerts: false, browserName: MicrosoftEdge, browserVersion: 136.0.3240.64, fedcm:accounts: true, ms:edgeOptions: {debuggerAddress: localhost:59734}, msedge: {msedgedriverVersion: 136.0.3240.64 (e3a39d3fa3c6..., userDataDir: C:\Users\ENGMOH~1\AppData\L...}, networkConnectionEnabled: false, pageLoadStrategy: normal, platformName: windows, proxy: Proxy(), se:cdp: ws://localhost:59734/devtoo..., se:cdpVersion: 136.0.3240.64, setWindowRect: true, strictFileInteractability: false, timeouts: {implicit: 0, pageLoad: 300000, script: 30000}, unhandledPromptBehavior: dismiss and notify, webauthn:extension:credBlob: true, webauthn:extension:largeBlob: true, webauthn:extension:minPinLength: true, webauthn:extension:prf: true, webauthn:virtualAuthenticators: true}
Session ID: 0e9753f5d606cbc227253b9955147def
	at org.openqa.selenium.remote.ErrorCodec.decode(ErrorCodec.java:167)
	at org.openqa.selenium.remote.codec.w3c.W3CHttpResponseCodec.decode(W3CHttpResponseCodec.java:138)
	at org.openqa.selenium.remote.codec.w3c.W3CHttpResponseCodec.decode(W3CHttpResponseCodec.java:50)
	at org.openqa.selenium.remote.HttpCommandExecutor.execute(HttpCommandExecutor.java:215)
	at org.openqa.selenium.remote.service.DriverCommandExecutor.invokeExecute(DriverCommandExecutor.java:216)
	at org.openqa.selenium.remote.service.DriverCommandExecutor.execute(DriverCommandExecutor.java:174)
	at org.openqa.selenium.remote.RemoteWebDriver.execute(RemoteWebDriver.java:545)
	at org.openqa.selenium.remote.RemoteWebDriver.execute(RemoteWebDriver.java:618)
	at org.openqa.selenium.remote.RemoteWebDriver.execute(RemoteWebDriver.java:622)
	at org.openqa.selenium.remote.RemoteWebDriver$RemoteWebDriverOptions$RemoteWindow.maximize(RemoteWebDriver.java:1067)
	at tests.TestBase.openBrowser(TestBase.java:18)
	at java.base/java.util.ArrayList.forEach(ArrayList.java:1596)
... Removed 26 stack frames</div></td></tr></table><p class="totop"><a href="#summary">back to summary</a></p>
<h3 id="m1">tests.LoginTest_Happy_And_Negative_Scenario#LoginTest_HappyScenario</h3><table class="result"><tr class="param"><th>Parameter #1</th><th>Parameter #2</th></tr><tr class="param stripe"><td>omar12@yahoo.com</td><td>987654</td></tr><tr><th colspan="2">Exception</th></tr><tr><td colspan="2"><div class="stacktrace">java.lang.NullPointerException: Cannot invoke &quot;org.openqa.selenium.WebDriver.findElement(org.openqa.selenium.By)&quot; because &quot;this.driver&quot; is null
	at pages.HomePage.openLoginPage(HomePage.java:45)
	at tests.LoginTest_Happy_And_Negative_Scenario.LoginTest_HappyScenario(LoginTest_Happy_And_Negative_Scenario.java:32)
	at java.base/java.util.ArrayList.forEach(ArrayList.java:1596)
... Removed 25 stack frames</div></td></tr></table><p class="totop"><a href="#summary">back to summary</a></p>
<h3 id="m2">tests.LoginTest_Happy_And_Negative_Scenario#LoginTest_NegativeScenario</h3><table class="result"><tr class="param"><th>Parameter #1</th><th>Parameter #2</th></tr><tr class="param stripe"><td>omar12@yahoo.com</td><td>98765</td></tr><tr><th colspan="2">Exception</th></tr><tr><td colspan="2"><div class="stacktrace">java.lang.NullPointerException: Cannot invoke &quot;org.openqa.selenium.WebDriver.findElement(org.openqa.selenium.By)&quot; because &quot;this.driver&quot; is null
	at pages.HomePage.openLoginPage(HomePage.java:45)
	at tests.LoginTest_Happy_And_Negative_Scenario.LoginTest_NegativeScenario(LoginTest_Happy_And_Negative_Scenario.java:44)
	at java.base/java.util.ArrayList.forEach(ArrayList.java:1596)
... Removed 25 stack frames</div></td></tr></table><p class="totop"><a href="#summary">back to summary</a></p>
<h3 id="m3">tests.LoginTest_Happy_And_Negative_Scenario#LoginTest_NegativeScenario</h3><table class="result"><tr class="param"><th>Parameter #1</th><th>Parameter #2</th></tr><tr class="param stripe"><td>omar1@yahoo.com</td><td>987654</td></tr><tr><th colspan="2">Exception</th></tr><tr><td colspan="2"><div class="stacktrace">java.lang.NullPointerException: Cannot invoke &quot;org.openqa.selenium.WebDriver.findElement(org.openqa.selenium.By)&quot; because &quot;this.driver&quot; is null
	at pages.HomePage.openLoginPage(HomePage.java:45)
	at tests.LoginTest_Happy_And_Negative_Scenario.LoginTest_NegativeScenario(LoginTest_Happy_And_Negative_Scenario.java:44)
	at java.base/java.util.ArrayList.forEach(ArrayList.java:1596)
... Removed 25 stack frames</div></td></tr></table><p class="totop"><a href="#summary">back to summary</a></p>
<h3 id="m4">tests.PlaceOrderTest#userCanCheckoutOrder</h3><table class="result"><tr class="param"><th>Parameter #1</th><th>Parameter #2</th><th>Parameter #3</th><th>Parameter #4</th><th>Parameter #5</th><th>Parameter #6</th><th>Parameter #7</th><th>Parameter #8</th><th>Parameter #9</th><th>Parameter #10</th><th>Parameter #11</th></tr><tr class="param stripe"><td>OmarSaleh</td><td>mohamedElaraby5@gmail.com</td><td>456789</td><td>Omar</td><td>Saleh</td><td>Cairo</td><td>United States</td><td>New york</td><td>Manhatten</td><td>1230213</td><td>01105231222</td></tr><tr><th colspan="11">Exception</th></tr><tr><td colspan="11"><div class="stacktrace">org.openqa.selenium.TimeoutException: Expected condition failed: waiting for visibility of element located by By.linkText: Congratulations! Your order has been confirmed! (tried for 30 second(s) with 500 milliseconds interval)
Build info: version: &apos;4.31.0&apos;, revision: &apos;1ef9f18787*&apos;
System info: os.name: &apos;Windows 11&apos;, os.arch: &apos;amd64&apos;, os.version: &apos;10.0&apos;, java.version: &apos;21.0.1&apos;
Driver info: org.openqa.selenium.edge.EdgeDriver
Capabilities {acceptInsecureCerts: false, browserName: MicrosoftEdge, browserVersion: 136.0.3240.64, fedcm:accounts: true, ms:edgeOptions: {debuggerAddress: localhost:59612}, msedge: {msedgedriverVersion: 136.0.3240.64 (e3a39d3fa3c6..., userDataDir: C:\Users\ENGMOH~1\AppData\L...}, networkConnectionEnabled: false, pageLoadStrategy: normal, platformName: windows, proxy: Proxy(), se:cdp: ws://localhost:59612/devtoo..., se:cdpVersion: 136.0.3240.64, setWindowRect: true, strictFileInteractability: false, timeouts: {implicit: 0, pageLoad: 300000, script: 30000}, unhandledPromptBehavior: dismiss and notify, webauthn:extension:credBlob: true, webauthn:extension:largeBlob: true, webauthn:extension:minPinLength: true, webauthn:extension:prf: true, webauthn:virtualAuthenticators: true}
Session ID: bba6e5442ad57368dcb3669b88ec7f8d
	at org.openqa.selenium.support.ui.WebDriverWait.timeoutException(WebDriverWait.java:84)
	at org.openqa.selenium.support.ui.FluentWait.until(FluentWait.java:228)
	at pages.PaymentPage.EnterPaymentInfo(PaymentPage.java:35)
	at tests.PlaceOrderTest.userCanCheckoutOrder(PlaceOrderTest.java:43)
	at java.base/java.util.ArrayList.forEach(ArrayList.java:1596)
... Removed 25 stack frames</div></td></tr></table><p class="totop"><a href="#summary">back to summary</a></p>
<h3 id="m5">tests.ResgisterTests_HappyAndNegative#Register_Test_HappyScenarioBasicData</h3><table class="result"><tr class="param"><th>Parameter #1</th><th>Parameter #2</th><th>Parameter #3</th><th>Parameter #4</th><th>Parameter #5</th><th>Parameter #6</th><th>Parameter #7</th><th>Parameter #8</th><th>Parameter #9</th><th>Parameter #10</th><th>Parameter #11</th></tr><tr class="param stripe"><td>OmarSaleh</td><td>mohamedElaraby5@gmail.com</td><td>456789</td><td>Omar</td><td>Saleh</td><td>Cairo</td><td>United States</td><td>New york</td><td>Manhatten</td><td>1230213</td><td>01105231222</td></tr><tr><th colspan="11">Exception</th></tr><tr><td colspan="11"><div class="stacktrace">java.lang.NullPointerException: Cannot invoke &quot;org.openqa.selenium.WebDriver.findElement(org.openqa.selenium.By)&quot; because &quot;this.driver&quot; is null
	at pages.HomePage.openRegisterationPage(HomePage.java:41)
	at tests.ResgisterTests_HappyAndNegative.Register_Test_HappyScenarioBasicData(ResgisterTests_HappyAndNegative.java:56)
	at java.base/java.util.ArrayList.forEach(ArrayList.java:1596)
... Removed 25 stack frames</div></td></tr></table><p class="totop"><a href="#summary">back to summary</a></p>
<h3 id="m6">tests.ResgisterTests_HappyAndNegative#Register_Test_HappyScenarioFullData</h3><table class="result"><tr class="param"><th>Parameter #1</th><th>Parameter #2</th><th>Parameter #3</th><th>Parameter #4</th><th>Parameter #5</th><th>Parameter #6</th><th>Parameter #7</th><th>Parameter #8</th><th>Parameter #9</th><th>Parameter #10</th><th>Parameter #11</th><th>Parameter #12</th><th>Parameter #13</th><th>Parameter #14</th><th>Parameter #15</th><th>Parameter #16</th></tr><tr class="param stripe"><td>OmarSaleh</td><td>omar4@gmail.com</td><td>456789</td><td>25</td><td>11</td><td>2000</td><td>Omar</td><td>Saleh</td><td>Orange</td><td>Cairo</td><td>Giza</td><td>United States</td><td>New york</td><td>Manhatten</td><td>1230213</td><td>01105231222</td></tr><tr><th colspan="16">Exception</th></tr><tr><td colspan="16"><div class="stacktrace">java.lang.NullPointerException: Cannot invoke &quot;org.openqa.selenium.WebDriver.findElement(org.openqa.selenium.By)&quot; because &quot;this.driver&quot; is null
	at pages.HomePage.openRegisterationPage(HomePage.java:41)
	at tests.ResgisterTests_HappyAndNegative.Register_Test_HappyScenarioFullData(ResgisterTests_HappyAndNegative.java:33)
	at java.base/java.util.ArrayList.forEach(ArrayList.java:1596)
... Removed 25 stack frames</div></td></tr></table><p class="totop"><a href="#summary">back to summary</a></p>
<h3 id="m7">tests.RemoveProductsFromCart#closeBrowser</h3><table class="result"><tr><th class="invisible"/></tr></table><p class="totop"><a href="#summary">back to summary</a></p>
<h3 id="m8">tests.RemoveProductsFromCart#removeProductsFromCart</h3><table class="result"><tr><th>Exception</th></tr><tr><td><div class="stacktrace">org.openqa.selenium.WebDriverException: unknown error: JavaScript code failed
from unknown command: &apos;Runtime.evaluate&apos; wasn&apos;t found
  (Session info: MicrosoftEdge=136.0.3240.64)
Build info: version: &apos;4.31.0&apos;, revision: &apos;1ef9f18787*&apos;
System info: os.name: &apos;Windows 11&apos;, os.arch: &apos;amd64&apos;, os.version: &apos;10.0&apos;, java.version: &apos;21.0.1&apos;
Driver info: org.openqa.selenium.edge.EdgeDriver
Command: [0e9753f5d606cbc227253b9955147def, maximizeCurrentWindow {}]
Capabilities {acceptInsecureCerts: false, browserName: MicrosoftEdge, browserVersion: 136.0.3240.64, fedcm:accounts: true, ms:edgeOptions: {debuggerAddress: localhost:59734}, msedge: {msedgedriverVersion: 136.0.3240.64 (e3a39d3fa3c6..., userDataDir: C:\Users\ENGMOH~1\AppData\L...}, networkConnectionEnabled: false, pageLoadStrategy: normal, platformName: windows, proxy: Proxy(), se:cdp: ws://localhost:59734/devtoo..., se:cdpVersion: 136.0.3240.64, setWindowRect: true, strictFileInteractability: false, timeouts: {implicit: 0, pageLoad: 300000, script: 30000}, unhandledPromptBehavior: dismiss and notify, webauthn:extension:credBlob: true, webauthn:extension:largeBlob: true, webauthn:extension:minPinLength: true, webauthn:extension:prf: true, webauthn:virtualAuthenticators: true}
Session ID: 0e9753f5d606cbc227253b9955147def
	at org.openqa.selenium.remote.ErrorCodec.decode(ErrorCodec.java:167)
	at org.openqa.selenium.remote.codec.w3c.W3CHttpResponseCodec.decode(W3CHttpResponseCodec.java:138)
	at org.openqa.selenium.remote.codec.w3c.W3CHttpResponseCodec.decode(W3CHttpResponseCodec.java:50)
	at org.openqa.selenium.remote.HttpCommandExecutor.execute(HttpCommandExecutor.java:215)
	at org.openqa.selenium.remote.service.DriverCommandExecutor.invokeExecute(DriverCommandExecutor.java:216)
	at org.openqa.selenium.remote.service.DriverCommandExecutor.execute(DriverCommandExecutor.java:174)
	at org.openqa.selenium.remote.RemoteWebDriver.execute(RemoteWebDriver.java:545)
	at org.openqa.selenium.remote.RemoteWebDriver.execute(RemoteWebDriver.java:618)
	at org.openqa.selenium.remote.RemoteWebDriver.execute(RemoteWebDriver.java:622)
	at org.openqa.selenium.remote.RemoteWebDriver$RemoteWebDriverOptions$RemoteWindow.maximize(RemoteWebDriver.java:1067)
	at tests.TestBase.openBrowser(TestBase.java:18)
	at java.base/java.util.ArrayList.forEach(ArrayList.java:1596)
... Removed 26 stack frames</div></td></tr></table><p class="totop"><a href="#summary">back to summary</a></p>
<h3 id="m9">tests.ResgisterTests_HappyAndNegative#RegisterTest_Negative_Scenario</h3><table class="result"><tr><th>Exception</th></tr><tr><td><div class="stacktrace">java.lang.Throwable: Method tests.ResgisterTests_HappyAndNegative.RegisterTest_Negative_Scenario() on instance tests.ResgisterTests_HappyAndNegative@76b07f29 depends on not successfully finished methods 
[tests.ResgisterTests_HappyAndNegative.Register_Test_HappyScenarioBasicData() on instance tests.ResgisterTests_HappyAndNegative@76b07f29]
	at java.base/java.util.ArrayList.forEach(ArrayList.java:1596)
... Removed 18 stack frames</div></td></tr></table><p class="totop"><a href="#summary">back to summary</a></p>
<h3 id="m10">tests.AddProductsInCart#addProductsInCart</h3><table class="result"><tr><th class="invisible"/></tr></table><p class="totop"><a href="#summary">back to summary</a></p>
<h3 id="m11">tests.AddReviewTest#addReview</h3><table class="result"><tr><th class="invisible"/></tr></table><p class="totop"><a href="#summary">back to summary</a></p>
<h3 id="m12">tests.ContactUs#UserCanContactUs</h3><table class="result"><tr><th class="invisible"/></tr></table><p class="totop"><a href="#summary">back to summary</a></p>
<h3 id="m13">tests.SearchProduct#searchProduct</h3><table class="result"><tr><th class="invisible"/></tr></table><p class="totop"><a href="#summary">back to summary</a></p>
<h3 id="m14">tests.SearchProductsandVerifyCartAfterLogin#Shearch</h3><table class="result"><tr><th class="invisible"/></tr></table><p class="totop"><a href="#summary">back to summary</a></p>
<h3 id="m15">tests.VerifyAllProduct#verifyAllProducts</h3><table class="result"><tr><th class="invisible"/></tr></table><p class="totop"><a href="#summary">back to summary</a></p>
<h3 id="m16">tests.VerifyProductQuantityInCart#verifyProductQuantityInCart</h3><table class="result"><tr><th class="invisible"/></tr></table><p class="totop"><a href="#summary">back to summary</a></p>
<h3 id="m17">tests.VerifyScroll#ScrollUPDwonUsingArrowbutton</h3><table class="result"><tr><th class="invisible"/></tr></table><p class="totop"><a href="#summary">back to summary</a></p>
<h3 id="m18">tests.VerifyScroll#ScrollUPDwonWithoutUsingArrowbutton</h3><table class="result"><tr><th class="invisible"/></tr></table><p class="totop"><a href="#summary">back to summary</a></p>
<h3 id="m19">tests.VerifySubscriptionInCartPage#verifySubscriptionInCartPage</h3><table class="result"><tr><th class="invisible"/></tr></table><p class="totop"><a href="#summary">back to summary</a></p>
<h3 id="m20">tests.VerifySubscriptionInHomePage#verifySubscriptionInHomePage</h3><table class="result"><tr><th class="invisible"/></tr></table><p class="totop"><a href="#summary">back to summary</a></p>
<h3 id="m21">tests.VerifyTestCasesPage#TestCasesPageExist</h3><table class="result"><tr><th class="invisible"/></tr></table><p class="totop"><a href="#summary">back to summary</a></p>
<h3 id="m22">tests.ViewCategoryProductsandBrands#Brands</h3><table class="result"><tr><th class="invisible"/></tr></table><p class="totop"><a href="#summary">back to summary</a></p>
<h3 id="m23">tests.ViewCategoryProductsandBrands#MenCategory</h3><table class="result"><tr><th class="invisible"/></tr></table><p class="totop"><a href="#summary">back to summary</a></p>
<h3 id="m24">tests.ViewCategoryProductsandBrands#WomenCategory</h3><table class="result"><tr><th class="invisible"/></tr></table><p class="totop"><a href="#summary">back to summary</a></p>
</body>
</html>
