<?xml version="1.0" encoding="UTF-8"?>
<testng-results ignored="0" total="23" passed="15" failed="6" skipped="2">
  <reporter-output>
  </reporter-output>
  <suite started-at="2025-05-12T16:44:30 EEST" name="Automation-Exercise Regression suite" finished-at="2025-05-12T16:50:27 EEST" duration-ms="357163">
    <groups>
    </groups>
    <test started-at="2025-05-12T16:44:30 EEST" name="Regression test" finished-at="2025-05-12T16:50:27 EEST" duration-ms="357163">
      <class name="tests.SearchProduct">
        <test-method is-config="true" signature="openBrowser()[pri:0, instance:tests.SearchProduct@38af9828]" started-at="2025-05-12T16:47:16 EEST" name="openBrowser" finished-at="2025-05-12T16:47:26 EEST" duration-ms="10049" status="PASS">
          <reporter-output>
          </reporter-output>
        </test-method> <!-- openBrowser -->
        <test-method signature="searchProduct()[pri:0, instance:tests.SearchProduct@38af9828]" started-at="2025-05-12T16:47:26 EEST" name="searchProduct" finished-at="2025-05-12T16:47:37 EEST" duration-ms="11132" status="PASS">
          <reporter-output>
          </reporter-output>
        </test-method> <!-- searchProduct -->
        <test-method is-config="true" signature="closeBrowser()[pri:0, instance:tests.SearchProduct@38af9828]" started-at="2025-05-12T16:47:37 EEST" name="closeBrowser" finished-at="2025-05-12T16:47:38 EEST" duration-ms="1259" status="PASS">
          <reporter-output>
          </reporter-output>
        </test-method> <!-- closeBrowser -->
      </class> <!-- tests.SearchProduct -->
      <class name="tests.ViewCategoryProductsandBrands">
        <test-method is-config="true" signature="openBrowser()[pri:0, instance:tests.ViewCategoryProductsandBrands@6c7a164b]" started-at="2025-05-12T16:49:54 EEST" name="openBrowser" finished-at="2025-05-12T16:50:02 EEST" duration-ms="7844" status="PASS">
          <reporter-output>
          </reporter-output>
        </test-method> <!-- openBrowser -->
        <test-method signature="WomenCategory()[pri:1, instance:tests.ViewCategoryProductsandBrands@6c7a164b]" started-at="2025-05-12T16:50:02 EEST" name="WomenCategory" finished-at="2025-05-12T16:50:17 EEST" duration-ms="15040" status="PASS">
          <reporter-output>
          </reporter-output>
        </test-method> <!-- WomenCategory -->
        <test-method signature="MenCategory()[pri:2, instance:tests.ViewCategoryProductsandBrands@6c7a164b]" started-at="2025-05-12T16:50:17 EEST" name="MenCategory" finished-at="2025-05-12T16:50:22 EEST" duration-ms="4538" status="PASS">
          <reporter-output>
          </reporter-output>
        </test-method> <!-- MenCategory -->
        <test-method signature="Brands()[pri:3, instance:tests.ViewCategoryProductsandBrands@6c7a164b]" started-at="2025-05-12T16:50:22 EEST" name="Brands" finished-at="2025-05-12T16:50:26 EEST" duration-ms="3740" status="PASS">
          <reporter-output>
          </reporter-output>
        </test-method> <!-- Brands -->
        <test-method is-config="true" signature="closeBrowser()[pri:0, instance:tests.ViewCategoryProductsandBrands@6c7a164b]" started-at="2025-05-12T16:50:26 EEST" name="closeBrowser" finished-at="2025-05-12T16:50:27 EEST" duration-ms="1347" status="PASS">
          <reporter-output>
          </reporter-output>
        </test-method> <!-- closeBrowser -->
      </class> <!-- tests.ViewCategoryProductsandBrands -->
      <class name="tests.VerifySubscriptionInHomePage">
        <test-method is-config="true" signature="openBrowser()[pri:0, instance:tests.VerifySubscriptionInHomePage@53f3bdbd]" started-at="2025-05-12T16:48:58 EEST" name="openBrowser" finished-at="2025-05-12T16:49:07 EEST" duration-ms="9198" status="PASS">
          <reporter-output>
          </reporter-output>
        </test-method> <!-- openBrowser -->
        <test-method signature="verifySubscriptionInHomePage()[pri:1, instance:tests.VerifySubscriptionInHomePage@53f3bdbd]" started-at="2025-05-12T16:49:07 EEST" name="verifySubscriptionInHomePage" description="Verify Subscription in home page" finished-at="2025-05-12T16:49:08 EEST" duration-ms="353" status="PASS">
          <reporter-output>
          </reporter-output>
        </test-method> <!-- verifySubscriptionInHomePage -->
        <test-method is-config="true" signature="closeBrowser()[pri:0, instance:tests.VerifySubscriptionInHomePage@53f3bdbd]" started-at="2025-05-12T16:49:08 EEST" name="closeBrowser" finished-at="2025-05-12T16:49:09 EEST" duration-ms="1303" status="PASS">
          <reporter-output>
          </reporter-output>
        </test-method> <!-- closeBrowser -->
      </class> <!-- tests.VerifySubscriptionInHomePage -->
      <class name="tests.RemoveProductsFromCart">
        <test-method is-config="true" signature="openBrowser()[pri:0, instance:tests.RemoveProductsFromCart@238d68ff]" started-at="2025-05-12T16:46:59 EEST" name="openBrowser" finished-at="2025-05-12T16:47:02 EEST" duration-ms="3104" status="FAIL">
          <exception class="org.openqa.selenium.WebDriverException">
            <message>
              <![CDATA[unknown error: JavaScript code failed
from unknown command: 'Runtime.evaluate' wasn't found
  (Session info: MicrosoftEdge=136.0.3240.64)
Build info: version: '4.31.0', revision: '1ef9f18787*'
System info: os.name: 'Windows 11', os.arch: 'amd64', os.version: '10.0', java.version: '21.0.1'
Driver info: org.openqa.selenium.edge.EdgeDriver
Command: [0e9753f5d606cbc227253b9955147def, maximizeCurrentWindow {}]
Capabilities {acceptInsecureCerts: false, browserName: MicrosoftEdge, browserVersion: 136.0.3240.64, fedcm:accounts: true, ms:edgeOptions: {debuggerAddress: localhost:59734}, msedge: {msedgedriverVersion: 136.0.3240.64 (e3a39d3fa3c6..., userDataDir: C:\Users\ENGMOH~1\AppData\L...}, networkConnectionEnabled: false, pageLoadStrategy: normal, platformName: windows, proxy: Proxy(), se:cdp: ws://localhost:59734/devtoo..., se:cdpVersion: 136.0.3240.64, setWindowRect: true, strictFileInteractability: false, timeouts: {implicit: 0, pageLoad: 300000, script: 30000}, unhandledPromptBehavior: dismiss and notify, webauthn:extension:credBlob: true, webauthn:extension:largeBlob: true, webauthn:extension:minPinLength: true, webauthn:extension:prf: true, webauthn:virtualAuthenticators: true}
Session ID: 0e9753f5d606cbc227253b9955147def]]>
            </message>
            <full-stacktrace>
              <![CDATA[org.openqa.selenium.WebDriverException: unknown error: JavaScript code failed
from unknown command: 'Runtime.evaluate' wasn't found
  (Session info: MicrosoftEdge=136.0.3240.64)
Build info: version: '4.31.0', revision: '1ef9f18787*'
System info: os.name: 'Windows 11', os.arch: 'amd64', os.version: '10.0', java.version: '21.0.1'
Driver info: org.openqa.selenium.edge.EdgeDriver
Command: [0e9753f5d606cbc227253b9955147def, maximizeCurrentWindow {}]
Capabilities {acceptInsecureCerts: false, browserName: MicrosoftEdge, browserVersion: 136.0.3240.64, fedcm:accounts: true, ms:edgeOptions: {debuggerAddress: localhost:59734}, msedge: {msedgedriverVersion: 136.0.3240.64 (e3a39d3fa3c6..., userDataDir: C:\Users\ENGMOH~1\AppData\L...}, networkConnectionEnabled: false, pageLoadStrategy: normal, platformName: windows, proxy: Proxy(), se:cdp: ws://localhost:59734/devtoo..., se:cdpVersion: 136.0.3240.64, setWindowRect: true, strictFileInteractability: false, timeouts: {implicit: 0, pageLoad: 300000, script: 30000}, unhandledPromptBehavior: dismiss and notify, webauthn:extension:credBlob: true, webauthn:extension:largeBlob: true, webauthn:extension:minPinLength: true, webauthn:extension:prf: true, webauthn:virtualAuthenticators: true}
Session ID: 0e9753f5d606cbc227253b9955147def
at java.base/jdk.internal.reflect.DirectConstructorHandleAccessor.newInstance(DirectConstructorHandleAccessor.java:62)
at java.base/java.lang.reflect.Constructor.newInstanceWithCaller(Constructor.java:502)
at java.base/java.lang.reflect.Constructor.newInstance(Constructor.java:486)
at org.openqa.selenium.remote.ErrorCodec.decode(ErrorCodec.java:167)
at org.openqa.selenium.remote.codec.w3c.W3CHttpResponseCodec.decode(W3CHttpResponseCodec.java:138)
at org.openqa.selenium.remote.codec.w3c.W3CHttpResponseCodec.decode(W3CHttpResponseCodec.java:50)
at org.openqa.selenium.remote.HttpCommandExecutor.execute(HttpCommandExecutor.java:215)
at org.openqa.selenium.remote.service.DriverCommandExecutor.invokeExecute(DriverCommandExecutor.java:216)
at org.openqa.selenium.remote.service.DriverCommandExecutor.execute(DriverCommandExecutor.java:174)
at org.openqa.selenium.remote.RemoteWebDriver.execute(RemoteWebDriver.java:545)
at org.openqa.selenium.remote.RemoteWebDriver.execute(RemoteWebDriver.java:618)
at org.openqa.selenium.remote.RemoteWebDriver.execute(RemoteWebDriver.java:622)
at org.openqa.selenium.remote.RemoteWebDriver$RemoteWebDriverOptions$RemoteWindow.maximize(RemoteWebDriver.java:1067)
at tests.TestBase.openBrowser(TestBase.java:18)
at java.base/jdk.internal.reflect.DirectMethodHandleAccessor.invoke(DirectMethodHandleAccessor.java:103)
at java.base/java.lang.reflect.Method.invoke(Method.java:580)
at org.testng.internal.invokers.MethodInvocationHelper.invokeMethod(MethodInvocationHelper.java:141)
at org.testng.internal.invokers.MethodInvocationHelper.invokeMethodConsideringTimeout(MethodInvocationHelper.java:71)
at org.testng.internal.invokers.ConfigInvoker.invokeConfigurationMethod(ConfigInvoker.java:400)
at org.testng.internal.invokers.ConfigInvoker.invokeConfigurations(ConfigInvoker.java:333)
at org.testng.internal.invokers.TestMethodWorker.invokeBeforeClassMethods(TestMethodWorker.java:188)
at org.testng.internal.invokers.TestMethodWorker.run(TestMethodWorker.java:128)
at java.base/java.util.ArrayList.forEach(ArrayList.java:1596)
at org.testng.TestRunner.privateRun(TestRunner.java:741)
at org.testng.TestRunner.run(TestRunner.java:616)
at org.testng.SuiteRunner.runTest(SuiteRunner.java:421)
at org.testng.SuiteRunner.runSequentially(SuiteRunner.java:413)
at org.testng.SuiteRunner.privateRun(SuiteRunner.java:373)
at org.testng.SuiteRunner.run(SuiteRunner.java:312)
at org.testng.SuiteRunnerWorker.runSuite(SuiteRunnerWorker.java:52)
at org.testng.SuiteRunnerWorker.run(SuiteRunnerWorker.java:95)
at org.testng.TestNG.runSuitesSequentially(TestNG.java:1274)
at org.testng.TestNG.runSuitesLocally(TestNG.java:1208)
at org.testng.TestNG.runSuites(TestNG.java:1112)
at org.testng.TestNG.run(TestNG.java:1079)
at org.testng.remote.AbstractRemoteTestNG.run(AbstractRemoteTestNG.java:115)
at org.testng.remote.RemoteTestNG.initAndRun(RemoteTestNG.java:293)
at org.testng.remote.RemoteTestNG.main(RemoteTestNG.java:91)
]]>
            </full-stacktrace>
          </exception> <!-- org.openqa.selenium.WebDriverException -->
          <reporter-output>
          </reporter-output>
        </test-method> <!-- openBrowser -->
        <test-method signature="removeProductsFromCart()[pri:0, instance:tests.RemoveProductsFromCart@238d68ff]" started-at="2025-05-12T16:47:02 EEST" name="removeProductsFromCart" description="Remove Products From Cart" finished-at="2025-05-12T16:47:02 EEST" duration-ms="0" status="SKIP">
          <exception class="org.openqa.selenium.WebDriverException">
            <message>
              <![CDATA[unknown error: JavaScript code failed
from unknown command: 'Runtime.evaluate' wasn't found
  (Session info: MicrosoftEdge=136.0.3240.64)
Build info: version: '4.31.0', revision: '1ef9f18787*'
System info: os.name: 'Windows 11', os.arch: 'amd64', os.version: '10.0', java.version: '21.0.1'
Driver info: org.openqa.selenium.edge.EdgeDriver
Command: [0e9753f5d606cbc227253b9955147def, maximizeCurrentWindow {}]
Capabilities {acceptInsecureCerts: false, browserName: MicrosoftEdge, browserVersion: 136.0.3240.64, fedcm:accounts: true, ms:edgeOptions: {debuggerAddress: localhost:59734}, msedge: {msedgedriverVersion: 136.0.3240.64 (e3a39d3fa3c6..., userDataDir: C:\Users\ENGMOH~1\AppData\L...}, networkConnectionEnabled: false, pageLoadStrategy: normal, platformName: windows, proxy: Proxy(), se:cdp: ws://localhost:59734/devtoo..., se:cdpVersion: 136.0.3240.64, setWindowRect: true, strictFileInteractability: false, timeouts: {implicit: 0, pageLoad: 300000, script: 30000}, unhandledPromptBehavior: dismiss and notify, webauthn:extension:credBlob: true, webauthn:extension:largeBlob: true, webauthn:extension:minPinLength: true, webauthn:extension:prf: true, webauthn:virtualAuthenticators: true}
Session ID: 0e9753f5d606cbc227253b9955147def]]>
            </message>
            <full-stacktrace>
              <![CDATA[org.openqa.selenium.WebDriverException: unknown error: JavaScript code failed
from unknown command: 'Runtime.evaluate' wasn't found
  (Session info: MicrosoftEdge=136.0.3240.64)
Build info: version: '4.31.0', revision: '1ef9f18787*'
System info: os.name: 'Windows 11', os.arch: 'amd64', os.version: '10.0', java.version: '21.0.1'
Driver info: org.openqa.selenium.edge.EdgeDriver
Command: [0e9753f5d606cbc227253b9955147def, maximizeCurrentWindow {}]
Capabilities {acceptInsecureCerts: false, browserName: MicrosoftEdge, browserVersion: 136.0.3240.64, fedcm:accounts: true, ms:edgeOptions: {debuggerAddress: localhost:59734}, msedge: {msedgedriverVersion: 136.0.3240.64 (e3a39d3fa3c6..., userDataDir: C:\Users\ENGMOH~1\AppData\L...}, networkConnectionEnabled: false, pageLoadStrategy: normal, platformName: windows, proxy: Proxy(), se:cdp: ws://localhost:59734/devtoo..., se:cdpVersion: 136.0.3240.64, setWindowRect: true, strictFileInteractability: false, timeouts: {implicit: 0, pageLoad: 300000, script: 30000}, unhandledPromptBehavior: dismiss and notify, webauthn:extension:credBlob: true, webauthn:extension:largeBlob: true, webauthn:extension:minPinLength: true, webauthn:extension:prf: true, webauthn:virtualAuthenticators: true}
Session ID: 0e9753f5d606cbc227253b9955147def
at java.base/jdk.internal.reflect.DirectConstructorHandleAccessor.newInstance(DirectConstructorHandleAccessor.java:62)
at java.base/java.lang.reflect.Constructor.newInstanceWithCaller(Constructor.java:502)
at java.base/java.lang.reflect.Constructor.newInstance(Constructor.java:486)
at org.openqa.selenium.remote.ErrorCodec.decode(ErrorCodec.java:167)
at org.openqa.selenium.remote.codec.w3c.W3CHttpResponseCodec.decode(W3CHttpResponseCodec.java:138)
at org.openqa.selenium.remote.codec.w3c.W3CHttpResponseCodec.decode(W3CHttpResponseCodec.java:50)
at org.openqa.selenium.remote.HttpCommandExecutor.execute(HttpCommandExecutor.java:215)
at org.openqa.selenium.remote.service.DriverCommandExecutor.invokeExecute(DriverCommandExecutor.java:216)
at org.openqa.selenium.remote.service.DriverCommandExecutor.execute(DriverCommandExecutor.java:174)
at org.openqa.selenium.remote.RemoteWebDriver.execute(RemoteWebDriver.java:545)
at org.openqa.selenium.remote.RemoteWebDriver.execute(RemoteWebDriver.java:618)
at org.openqa.selenium.remote.RemoteWebDriver.execute(RemoteWebDriver.java:622)
at org.openqa.selenium.remote.RemoteWebDriver$RemoteWebDriverOptions$RemoteWindow.maximize(RemoteWebDriver.java:1067)
at tests.TestBase.openBrowser(TestBase.java:18)
at java.base/jdk.internal.reflect.DirectMethodHandleAccessor.invoke(DirectMethodHandleAccessor.java:103)
at java.base/java.lang.reflect.Method.invoke(Method.java:580)
at org.testng.internal.invokers.MethodInvocationHelper.invokeMethod(MethodInvocationHelper.java:141)
at org.testng.internal.invokers.MethodInvocationHelper.invokeMethodConsideringTimeout(MethodInvocationHelper.java:71)
at org.testng.internal.invokers.ConfigInvoker.invokeConfigurationMethod(ConfigInvoker.java:400)
at org.testng.internal.invokers.ConfigInvoker.invokeConfigurations(ConfigInvoker.java:333)
at org.testng.internal.invokers.TestMethodWorker.invokeBeforeClassMethods(TestMethodWorker.java:188)
at org.testng.internal.invokers.TestMethodWorker.run(TestMethodWorker.java:128)
at java.base/java.util.ArrayList.forEach(ArrayList.java:1596)
at org.testng.TestRunner.privateRun(TestRunner.java:741)
at org.testng.TestRunner.run(TestRunner.java:616)
at org.testng.SuiteRunner.runTest(SuiteRunner.java:421)
at org.testng.SuiteRunner.runSequentially(SuiteRunner.java:413)
at org.testng.SuiteRunner.privateRun(SuiteRunner.java:373)
at org.testng.SuiteRunner.run(SuiteRunner.java:312)
at org.testng.SuiteRunnerWorker.runSuite(SuiteRunnerWorker.java:52)
at org.testng.SuiteRunnerWorker.run(SuiteRunnerWorker.java:95)
at org.testng.TestNG.runSuitesSequentially(TestNG.java:1274)
at org.testng.TestNG.runSuitesLocally(TestNG.java:1208)
at org.testng.TestNG.runSuites(TestNG.java:1112)
at org.testng.TestNG.run(TestNG.java:1079)
at org.testng.remote.AbstractRemoteTestNG.run(AbstractRemoteTestNG.java:115)
at org.testng.remote.RemoteTestNG.initAndRun(RemoteTestNG.java:293)
at org.testng.remote.RemoteTestNG.main(RemoteTestNG.java:91)
]]>
            </full-stacktrace>
          </exception> <!-- org.openqa.selenium.WebDriverException -->
          <reporter-output>
          </reporter-output>
        </test-method> <!-- removeProductsFromCart -->
        <test-method is-config="true" signature="closeBrowser()[pri:0, instance:tests.RemoveProductsFromCart@238d68ff]" started-at="2025-05-12T16:47:02 EEST" name="closeBrowser" finished-at="2025-05-12T16:47:02 EEST" duration-ms="0" status="SKIP">
          <reporter-output>
          </reporter-output>
        </test-method> <!-- closeBrowser -->
      </class> <!-- tests.RemoveProductsFromCart -->
      <class name="tests.VerifySubscriptionInCartPage">
        <test-method is-config="true" signature="openBrowser()[pri:0, instance:tests.VerifySubscriptionInCartPage@17d919b6]" started-at="2025-05-12T16:48:30 EEST" name="openBrowser" finished-at="2025-05-12T16:48:55 EEST" duration-ms="25207" status="PASS">
          <reporter-output>
          </reporter-output>
        </test-method> <!-- openBrowser -->
        <test-method signature="verifySubscriptionInCartPage()[pri:0, instance:tests.VerifySubscriptionInCartPage@17d919b6]" started-at="2025-05-12T16:48:55 EEST" name="verifySubscriptionInCartPage" finished-at="2025-05-12T16:48:57 EEST" duration-ms="1490" status="PASS">
          <reporter-output>
          </reporter-output>
        </test-method> <!-- verifySubscriptionInCartPage -->
        <test-method is-config="true" signature="closeBrowser()[pri:0, instance:tests.VerifySubscriptionInCartPage@17d919b6]" started-at="2025-05-12T16:48:57 EEST" name="closeBrowser" finished-at="2025-05-12T16:48:58 EEST" duration-ms="1310" status="PASS">
          <reporter-output>
          </reporter-output>
        </test-method> <!-- closeBrowser -->
      </class> <!-- tests.VerifySubscriptionInCartPage -->
      <class name="tests.AddProductsInCart">
        <test-method is-config="true" signature="openBrowser()[pri:0, instance:tests.AddProductsInCart@1c9b0314]" started-at="2025-05-12T16:44:30 EEST" name="openBrowser" finished-at="2025-05-12T16:44:42 EEST" duration-ms="11735" status="PASS">
          <reporter-output>
          </reporter-output>
        </test-method> <!-- openBrowser -->
        <test-method signature="addProductsInCart()[pri:0, instance:tests.AddProductsInCart@1c9b0314]" started-at="2025-05-12T16:44:42 EEST" name="addProductsInCart" description="Add Products in Cart" finished-at="2025-05-12T16:44:54 EEST" duration-ms="12621" status="PASS">
          <reporter-output>
          </reporter-output>
        </test-method> <!-- addProductsInCart -->
        <test-method is-config="true" signature="closeBrowser()[pri:0, instance:tests.AddProductsInCart@1c9b0314]" started-at="2025-05-12T16:44:54 EEST" name="closeBrowser" finished-at="2025-05-12T16:44:56 EEST" duration-ms="1389" status="PASS">
          <reporter-output>
          </reporter-output>
        </test-method> <!-- closeBrowser -->
      </class> <!-- tests.AddProductsInCart -->
      <class name="tests.ResgisterTests_HappyAndNegative">
        <test-method is-config="true" signature="openBrowser()[pri:0, instance:tests.ResgisterTests_HappyAndNegative@76b07f29]" started-at="2025-05-12T16:47:02 EEST" name="openBrowser" finished-at="2025-05-12T16:47:14 EEST" duration-ms="11965" status="PASS">
          <reporter-output>
          </reporter-output>
        </test-method> <!-- openBrowser -->
        <test-method signature="Register_Test_HappyScenarioFullData(java.lang.String,java.lang.String,java.lang.String,int,java.lang.String,java.lang.String,java.lang.String,java.lang.String,java.lang.String,java.lang.String,java.lang.String,java.lang.String,java.lang.String,java.lang.String,java.lang.String,java.lang.String)[pri:1, instance:tests.ResgisterTests_HappyAndNegative@76b07f29]" started-at="2025-05-12T16:47:14 EEST" name="Register_Test_HappyScenarioFullData" data-provider="registerFullData" finished-at="2025-05-12T16:47:14 EEST" duration-ms="9" status="FAIL">
          <params>
            <param index="0">
              <value>
                <![CDATA[OmarSaleh]]>
              </value>
            </param>
            <param index="1">
              <value>
                <![CDATA[omar4@gmail.com]]>
              </value>
            </param>
            <param index="2">
              <value>
                <![CDATA[456789]]>
              </value>
            </param>
            <param index="3">
              <value>
                <![CDATA[25]]>
              </value>
            </param>
            <param index="4">
              <value>
                <![CDATA[11]]>
              </value>
            </param>
            <param index="5">
              <value>
                <![CDATA[2000]]>
              </value>
            </param>
            <param index="6">
              <value>
                <![CDATA[Omar]]>
              </value>
            </param>
            <param index="7">
              <value>
                <![CDATA[Saleh]]>
              </value>
            </param>
            <param index="8">
              <value>
                <![CDATA[Orange]]>
              </value>
            </param>
            <param index="9">
              <value>
                <![CDATA[Cairo]]>
              </value>
            </param>
            <param index="10">
              <value>
                <![CDATA[Giza]]>
              </value>
            </param>
            <param index="11">
              <value>
                <![CDATA[United States]]>
              </value>
            </param>
            <param index="12">
              <value>
                <![CDATA[New york]]>
              </value>
            </param>
            <param index="13">
              <value>
                <![CDATA[Manhatten]]>
              </value>
            </param>
            <param index="14">
              <value>
                <![CDATA[1230213]]>
              </value>
            </param>
            <param index="15">
              <value>
                <![CDATA[01105231222]]>
              </value>
            </param>
          </params>
          <exception class="java.lang.NullPointerException">
            <message>
              <![CDATA[Cannot invoke "org.openqa.selenium.WebDriver.findElement(org.openqa.selenium.By)" because "this.driver" is null]]>
            </message>
            <full-stacktrace>
              <![CDATA[java.lang.NullPointerException: Cannot invoke "org.openqa.selenium.WebDriver.findElement(org.openqa.selenium.By)" because "this.driver" is null
at pages.HomePage.openRegisterationPage(HomePage.java:41)
at tests.ResgisterTests_HappyAndNegative.Register_Test_HappyScenarioFullData(ResgisterTests_HappyAndNegative.java:33)
at java.base/jdk.internal.reflect.DirectMethodHandleAccessor.invoke(DirectMethodHandleAccessor.java:103)
at java.base/java.lang.reflect.Method.invoke(Method.java:580)
at org.testng.internal.invokers.MethodInvocationHelper.invokeMethod(MethodInvocationHelper.java:141)
at org.testng.internal.invokers.TestInvoker.invokeMethod(TestInvoker.java:687)
at org.testng.internal.invokers.TestInvoker.invokeTestMethod(TestInvoker.java:230)
at org.testng.internal.invokers.MethodRunner.runInSequence(MethodRunner.java:63)
at org.testng.internal.invokers.TestInvoker$MethodInvocationAgent.invoke(TestInvoker.java:995)
at org.testng.internal.invokers.TestInvoker.invokeTestMethods(TestInvoker.java:203)
at org.testng.internal.invokers.TestMethodWorker.invokeTestMethods(TestMethodWorker.java:154)
at org.testng.internal.invokers.TestMethodWorker.run(TestMethodWorker.java:134)
at java.base/java.util.ArrayList.forEach(ArrayList.java:1596)
at org.testng.TestRunner.privateRun(TestRunner.java:741)
at org.testng.TestRunner.run(TestRunner.java:616)
at org.testng.SuiteRunner.runTest(SuiteRunner.java:421)
at org.testng.SuiteRunner.runSequentially(SuiteRunner.java:413)
at org.testng.SuiteRunner.privateRun(SuiteRunner.java:373)
at org.testng.SuiteRunner.run(SuiteRunner.java:312)
at org.testng.SuiteRunnerWorker.runSuite(SuiteRunnerWorker.java:52)
at org.testng.SuiteRunnerWorker.run(SuiteRunnerWorker.java:95)
at org.testng.TestNG.runSuitesSequentially(TestNG.java:1274)
at org.testng.TestNG.runSuitesLocally(TestNG.java:1208)
at org.testng.TestNG.runSuites(TestNG.java:1112)
at org.testng.TestNG.run(TestNG.java:1079)
at org.testng.remote.AbstractRemoteTestNG.run(AbstractRemoteTestNG.java:115)
at org.testng.remote.RemoteTestNG.initAndRun(RemoteTestNG.java:293)
at org.testng.remote.RemoteTestNG.main(RemoteTestNG.java:91)
]]>
            </full-stacktrace>
          </exception> <!-- java.lang.NullPointerException -->
          <reporter-output>
          </reporter-output>
        </test-method> <!-- Register_Test_HappyScenarioFullData -->
        <test-method signature="Register_Test_HappyScenarioBasicData(java.lang.String,java.lang.String,java.lang.String,java.lang.String,java.lang.String,java.lang.String,java.lang.String,java.lang.String,java.lang.String,java.lang.String,java.lang.String)[pri:2, instance:tests.ResgisterTests_HappyAndNegative@76b07f29]" started-at="2025-05-12T16:47:14 EEST" name="Register_Test_HappyScenarioBasicData" data-provider="registerBasicData" finished-at="2025-05-12T16:47:14 EEST" duration-ms="2" status="FAIL">
          <params>
            <param index="0">
              <value>
                <![CDATA[OmarSaleh]]>
              </value>
            </param>
            <param index="1">
              <value>
                <![CDATA[mohamedElaraby5@gmail.com]]>
              </value>
            </param>
            <param index="2">
              <value>
                <![CDATA[456789]]>
              </value>
            </param>
            <param index="3">
              <value>
                <![CDATA[Omar]]>
              </value>
            </param>
            <param index="4">
              <value>
                <![CDATA[Saleh]]>
              </value>
            </param>
            <param index="5">
              <value>
                <![CDATA[Cairo]]>
              </value>
            </param>
            <param index="6">
              <value>
                <![CDATA[United States]]>
              </value>
            </param>
            <param index="7">
              <value>
                <![CDATA[New york]]>
              </value>
            </param>
            <param index="8">
              <value>
                <![CDATA[Manhatten]]>
              </value>
            </param>
            <param index="9">
              <value>
                <![CDATA[1230213]]>
              </value>
            </param>
            <param index="10">
              <value>
                <![CDATA[01105231222]]>
              </value>
            </param>
          </params>
          <exception class="java.lang.NullPointerException">
            <message>
              <![CDATA[Cannot invoke "org.openqa.selenium.WebDriver.findElement(org.openqa.selenium.By)" because "this.driver" is null]]>
            </message>
            <full-stacktrace>
              <![CDATA[java.lang.NullPointerException: Cannot invoke "org.openqa.selenium.WebDriver.findElement(org.openqa.selenium.By)" because "this.driver" is null
at pages.HomePage.openRegisterationPage(HomePage.java:41)
at tests.ResgisterTests_HappyAndNegative.Register_Test_HappyScenarioBasicData(ResgisterTests_HappyAndNegative.java:56)
at java.base/jdk.internal.reflect.DirectMethodHandleAccessor.invoke(DirectMethodHandleAccessor.java:103)
at java.base/java.lang.reflect.Method.invoke(Method.java:580)
at org.testng.internal.invokers.MethodInvocationHelper.invokeMethod(MethodInvocationHelper.java:141)
at org.testng.internal.invokers.TestInvoker.invokeMethod(TestInvoker.java:687)
at org.testng.internal.invokers.TestInvoker.invokeTestMethod(TestInvoker.java:230)
at org.testng.internal.invokers.MethodRunner.runInSequence(MethodRunner.java:63)
at org.testng.internal.invokers.TestInvoker$MethodInvocationAgent.invoke(TestInvoker.java:995)
at org.testng.internal.invokers.TestInvoker.invokeTestMethods(TestInvoker.java:203)
at org.testng.internal.invokers.TestMethodWorker.invokeTestMethods(TestMethodWorker.java:154)
at org.testng.internal.invokers.TestMethodWorker.run(TestMethodWorker.java:134)
at java.base/java.util.ArrayList.forEach(ArrayList.java:1596)
at org.testng.TestRunner.privateRun(TestRunner.java:741)
at org.testng.TestRunner.run(TestRunner.java:616)
at org.testng.SuiteRunner.runTest(SuiteRunner.java:421)
at org.testng.SuiteRunner.runSequentially(SuiteRunner.java:413)
at org.testng.SuiteRunner.privateRun(SuiteRunner.java:373)
at org.testng.SuiteRunner.run(SuiteRunner.java:312)
at org.testng.SuiteRunnerWorker.runSuite(SuiteRunnerWorker.java:52)
at org.testng.SuiteRunnerWorker.run(SuiteRunnerWorker.java:95)
at org.testng.TestNG.runSuitesSequentially(TestNG.java:1274)
at org.testng.TestNG.runSuitesLocally(TestNG.java:1208)
at org.testng.TestNG.runSuites(TestNG.java:1112)
at org.testng.TestNG.run(TestNG.java:1079)
at org.testng.remote.AbstractRemoteTestNG.run(AbstractRemoteTestNG.java:115)
at org.testng.remote.RemoteTestNG.initAndRun(RemoteTestNG.java:293)
at org.testng.remote.RemoteTestNG.main(RemoteTestNG.java:91)
]]>
            </full-stacktrace>
          </exception> <!-- java.lang.NullPointerException -->
          <reporter-output>
          </reporter-output>
        </test-method> <!-- Register_Test_HappyScenarioBasicData -->
        <test-method signature="RegisterTest_Negative_Scenario()[pri:3, instance:tests.ResgisterTests_HappyAndNegative@76b07f29]" started-at="2025-05-12T16:47:14 EEST" name="RegisterTest_Negative_Scenario" finished-at="2025-05-12T16:47:14 EEST" depends-on-methods="tests.ResgisterTests_HappyAndNegative.Register_Test_HappyScenarioBasicData" duration-ms="0" status="SKIP">
          <exception class="java.lang.Throwable">
            <message>
              <![CDATA[Method tests.ResgisterTests_HappyAndNegative.RegisterTest_Negative_Scenario() on instance tests.ResgisterTests_HappyAndNegative@76b07f29 depends on not successfully finished methods 
[tests.ResgisterTests_HappyAndNegative.Register_Test_HappyScenarioBasicData() on instance tests.ResgisterTests_HappyAndNegative@76b07f29]]]>
            </message>
            <full-stacktrace>
              <![CDATA[java.lang.Throwable: Method tests.ResgisterTests_HappyAndNegative.RegisterTest_Negative_Scenario() on instance tests.ResgisterTests_HappyAndNegative@76b07f29 depends on not successfully finished methods 
[tests.ResgisterTests_HappyAndNegative.Register_Test_HappyScenarioBasicData() on instance tests.ResgisterTests_HappyAndNegative@76b07f29]
at org.testng.internal.invokers.TestInvoker.invokeTestMethods(TestInvoker.java:159)
at org.testng.internal.invokers.TestMethodWorker.invokeTestMethods(TestMethodWorker.java:154)
at org.testng.internal.invokers.TestMethodWorker.run(TestMethodWorker.java:134)
at java.base/java.util.ArrayList.forEach(ArrayList.java:1596)
at org.testng.TestRunner.privateRun(TestRunner.java:741)
at org.testng.TestRunner.run(TestRunner.java:616)
at org.testng.SuiteRunner.runTest(SuiteRunner.java:421)
at org.testng.SuiteRunner.runSequentially(SuiteRunner.java:413)
at org.testng.SuiteRunner.privateRun(SuiteRunner.java:373)
at org.testng.SuiteRunner.run(SuiteRunner.java:312)
at org.testng.SuiteRunnerWorker.runSuite(SuiteRunnerWorker.java:52)
at org.testng.SuiteRunnerWorker.run(SuiteRunnerWorker.java:95)
at org.testng.TestNG.runSuitesSequentially(TestNG.java:1274)
at org.testng.TestNG.runSuitesLocally(TestNG.java:1208)
at org.testng.TestNG.runSuites(TestNG.java:1112)
at org.testng.TestNG.run(TestNG.java:1079)
at org.testng.remote.AbstractRemoteTestNG.run(AbstractRemoteTestNG.java:115)
at org.testng.remote.RemoteTestNG.initAndRun(RemoteTestNG.java:293)
at org.testng.remote.RemoteTestNG.main(RemoteTestNG.java:91)
]]>
            </full-stacktrace>
          </exception> <!-- java.lang.Throwable -->
          <reporter-output>
          </reporter-output>
        </test-method> <!-- RegisterTest_Negative_Scenario -->
        <test-method is-config="true" signature="closeBrowser()[pri:0, instance:tests.ResgisterTests_HappyAndNegative@76b07f29]" started-at="2025-05-12T16:47:14 EEST" name="closeBrowser" finished-at="2025-05-12T16:47:16 EEST" duration-ms="1281" status="PASS">
          <reporter-output>
          </reporter-output>
        </test-method> <!-- closeBrowser -->
      </class> <!-- tests.ResgisterTests_HappyAndNegative -->
      <class name="tests.LoginTest_Happy_And_Negative_Scenario">
        <test-method is-config="true" signature="openBrowser()[pri:0, instance:tests.LoginTest_Happy_And_Negative_Scenario@18317edc]" started-at="2025-05-12T16:45:40 EEST" name="openBrowser" finished-at="2025-05-12T16:45:47 EEST" duration-ms="7042" status="PASS">
          <reporter-output>
          </reporter-output>
        </test-method> <!-- openBrowser -->
        <test-method signature="LoginTest_HappyScenario(java.lang.String,java.lang.String)[pri:1, instance:tests.LoginTest_Happy_And_Negative_Scenario@18317edc]" started-at="2025-05-12T16:45:47 EEST" name="LoginTest_HappyScenario" data-provider="loginDataHappy" finished-at="2025-05-12T16:45:47 EEST" duration-ms="9" status="FAIL">
          <params>
            <param index="0">
              <value>
                <![CDATA[omar12@yahoo.com]]>
              </value>
            </param>
            <param index="1">
              <value>
                <![CDATA[987654]]>
              </value>
            </param>
          </params>
          <exception class="java.lang.NullPointerException">
            <message>
              <![CDATA[Cannot invoke "org.openqa.selenium.WebDriver.findElement(org.openqa.selenium.By)" because "this.driver" is null]]>
            </message>
            <full-stacktrace>
              <![CDATA[java.lang.NullPointerException: Cannot invoke "org.openqa.selenium.WebDriver.findElement(org.openqa.selenium.By)" because "this.driver" is null
at pages.HomePage.openLoginPage(HomePage.java:45)
at tests.LoginTest_Happy_And_Negative_Scenario.LoginTest_HappyScenario(LoginTest_Happy_And_Negative_Scenario.java:32)
at java.base/jdk.internal.reflect.DirectMethodHandleAccessor.invoke(DirectMethodHandleAccessor.java:103)
at java.base/java.lang.reflect.Method.invoke(Method.java:580)
at org.testng.internal.invokers.MethodInvocationHelper.invokeMethod(MethodInvocationHelper.java:141)
at org.testng.internal.invokers.TestInvoker.invokeMethod(TestInvoker.java:687)
at org.testng.internal.invokers.TestInvoker.invokeTestMethod(TestInvoker.java:230)
at org.testng.internal.invokers.MethodRunner.runInSequence(MethodRunner.java:63)
at org.testng.internal.invokers.TestInvoker$MethodInvocationAgent.invoke(TestInvoker.java:995)
at org.testng.internal.invokers.TestInvoker.invokeTestMethods(TestInvoker.java:203)
at org.testng.internal.invokers.TestMethodWorker.invokeTestMethods(TestMethodWorker.java:154)
at org.testng.internal.invokers.TestMethodWorker.run(TestMethodWorker.java:134)
at java.base/java.util.ArrayList.forEach(ArrayList.java:1596)
at org.testng.TestRunner.privateRun(TestRunner.java:741)
at org.testng.TestRunner.run(TestRunner.java:616)
at org.testng.SuiteRunner.runTest(SuiteRunner.java:421)
at org.testng.SuiteRunner.runSequentially(SuiteRunner.java:413)
at org.testng.SuiteRunner.privateRun(SuiteRunner.java:373)
at org.testng.SuiteRunner.run(SuiteRunner.java:312)
at org.testng.SuiteRunnerWorker.runSuite(SuiteRunnerWorker.java:52)
at org.testng.SuiteRunnerWorker.run(SuiteRunnerWorker.java:95)
at org.testng.TestNG.runSuitesSequentially(TestNG.java:1274)
at org.testng.TestNG.runSuitesLocally(TestNG.java:1208)
at org.testng.TestNG.runSuites(TestNG.java:1112)
at org.testng.TestNG.run(TestNG.java:1079)
at org.testng.remote.AbstractRemoteTestNG.run(AbstractRemoteTestNG.java:115)
at org.testng.remote.RemoteTestNG.initAndRun(RemoteTestNG.java:293)
at org.testng.remote.RemoteTestNG.main(RemoteTestNG.java:91)
]]>
            </full-stacktrace>
          </exception> <!-- java.lang.NullPointerException -->
          <reporter-output>
          </reporter-output>
        </test-method> <!-- LoginTest_HappyScenario -->
        <test-method signature="LoginTest_NegativeScenario(java.lang.String,java.lang.String)[pri:2, instance:tests.LoginTest_Happy_And_Negative_Scenario@18317edc]" started-at="2025-05-12T16:45:47 EEST" name="LoginTest_NegativeScenario" data-provider="loginDataNegative" finished-at="2025-05-12T16:45:47 EEST" duration-ms="3" status="FAIL">
          <params>
            <param index="0">
              <value>
                <![CDATA[omar12@yahoo.com]]>
              </value>
            </param>
            <param index="1">
              <value>
                <![CDATA[98765]]>
              </value>
            </param>
          </params>
          <exception class="java.lang.NullPointerException">
            <message>
              <![CDATA[Cannot invoke "org.openqa.selenium.WebDriver.findElement(org.openqa.selenium.By)" because "this.driver" is null]]>
            </message>
            <full-stacktrace>
              <![CDATA[java.lang.NullPointerException: Cannot invoke "org.openqa.selenium.WebDriver.findElement(org.openqa.selenium.By)" because "this.driver" is null
at pages.HomePage.openLoginPage(HomePage.java:45)
at tests.LoginTest_Happy_And_Negative_Scenario.LoginTest_NegativeScenario(LoginTest_Happy_And_Negative_Scenario.java:44)
at java.base/jdk.internal.reflect.DirectMethodHandleAccessor.invoke(DirectMethodHandleAccessor.java:103)
at java.base/java.lang.reflect.Method.invoke(Method.java:580)
at org.testng.internal.invokers.MethodInvocationHelper.invokeMethod(MethodInvocationHelper.java:141)
at org.testng.internal.invokers.TestInvoker.invokeMethod(TestInvoker.java:687)
at org.testng.internal.invokers.TestInvoker.invokeTestMethod(TestInvoker.java:230)
at org.testng.internal.invokers.MethodRunner.runInSequence(MethodRunner.java:63)
at org.testng.internal.invokers.TestInvoker$MethodInvocationAgent.invoke(TestInvoker.java:995)
at org.testng.internal.invokers.TestInvoker.invokeTestMethods(TestInvoker.java:203)
at org.testng.internal.invokers.TestMethodWorker.invokeTestMethods(TestMethodWorker.java:154)
at org.testng.internal.invokers.TestMethodWorker.run(TestMethodWorker.java:134)
at java.base/java.util.ArrayList.forEach(ArrayList.java:1596)
at org.testng.TestRunner.privateRun(TestRunner.java:741)
at org.testng.TestRunner.run(TestRunner.java:616)
at org.testng.SuiteRunner.runTest(SuiteRunner.java:421)
at org.testng.SuiteRunner.runSequentially(SuiteRunner.java:413)
at org.testng.SuiteRunner.privateRun(SuiteRunner.java:373)
at org.testng.SuiteRunner.run(SuiteRunner.java:312)
at org.testng.SuiteRunnerWorker.runSuite(SuiteRunnerWorker.java:52)
at org.testng.SuiteRunnerWorker.run(SuiteRunnerWorker.java:95)
at org.testng.TestNG.runSuitesSequentially(TestNG.java:1274)
at org.testng.TestNG.runSuitesLocally(TestNG.java:1208)
at org.testng.TestNG.runSuites(TestNG.java:1112)
at org.testng.TestNG.run(TestNG.java:1079)
at org.testng.remote.AbstractRemoteTestNG.run(AbstractRemoteTestNG.java:115)
at org.testng.remote.RemoteTestNG.initAndRun(RemoteTestNG.java:293)
at org.testng.remote.RemoteTestNG.main(RemoteTestNG.java:91)
]]>
            </full-stacktrace>
          </exception> <!-- java.lang.NullPointerException -->
          <reporter-output>
          </reporter-output>
        </test-method> <!-- LoginTest_NegativeScenario -->
        <test-method signature="LoginTest_NegativeScenario(java.lang.String,java.lang.String)[pri:2, instance:tests.LoginTest_Happy_And_Negative_Scenario@18317edc]" started-at="2025-05-12T16:45:47 EEST" name="LoginTest_NegativeScenario" data-provider="loginDataNegative" finished-at="2025-05-12T16:45:47 EEST" duration-ms="4" status="FAIL">
          <params>
            <param index="0">
              <value>
                <![CDATA[omar1@yahoo.com]]>
              </value>
            </param>
            <param index="1">
              <value>
                <![CDATA[987654]]>
              </value>
            </param>
          </params>
          <exception class="java.lang.NullPointerException">
            <message>
              <![CDATA[Cannot invoke "org.openqa.selenium.WebDriver.findElement(org.openqa.selenium.By)" because "this.driver" is null]]>
            </message>
            <full-stacktrace>
              <![CDATA[java.lang.NullPointerException: Cannot invoke "org.openqa.selenium.WebDriver.findElement(org.openqa.selenium.By)" because "this.driver" is null
at pages.HomePage.openLoginPage(HomePage.java:45)
at tests.LoginTest_Happy_And_Negative_Scenario.LoginTest_NegativeScenario(LoginTest_Happy_And_Negative_Scenario.java:44)
at java.base/jdk.internal.reflect.DirectMethodHandleAccessor.invoke(DirectMethodHandleAccessor.java:103)
at java.base/java.lang.reflect.Method.invoke(Method.java:580)
at org.testng.internal.invokers.MethodInvocationHelper.invokeMethod(MethodInvocationHelper.java:141)
at org.testng.internal.invokers.TestInvoker.invokeMethod(TestInvoker.java:687)
at org.testng.internal.invokers.TestInvoker.invokeTestMethod(TestInvoker.java:230)
at org.testng.internal.invokers.MethodRunner.runInSequence(MethodRunner.java:63)
at org.testng.internal.invokers.TestInvoker$MethodInvocationAgent.invoke(TestInvoker.java:995)
at org.testng.internal.invokers.TestInvoker.invokeTestMethods(TestInvoker.java:203)
at org.testng.internal.invokers.TestMethodWorker.invokeTestMethods(TestMethodWorker.java:154)
at org.testng.internal.invokers.TestMethodWorker.run(TestMethodWorker.java:134)
at java.base/java.util.ArrayList.forEach(ArrayList.java:1596)
at org.testng.TestRunner.privateRun(TestRunner.java:741)
at org.testng.TestRunner.run(TestRunner.java:616)
at org.testng.SuiteRunner.runTest(SuiteRunner.java:421)
at org.testng.SuiteRunner.runSequentially(SuiteRunner.java:413)
at org.testng.SuiteRunner.privateRun(SuiteRunner.java:373)
at org.testng.SuiteRunner.run(SuiteRunner.java:312)
at org.testng.SuiteRunnerWorker.runSuite(SuiteRunnerWorker.java:52)
at org.testng.SuiteRunnerWorker.run(SuiteRunnerWorker.java:95)
at org.testng.TestNG.runSuitesSequentially(TestNG.java:1274)
at org.testng.TestNG.runSuitesLocally(TestNG.java:1208)
at org.testng.TestNG.runSuites(TestNG.java:1112)
at org.testng.TestNG.run(TestNG.java:1079)
at org.testng.remote.AbstractRemoteTestNG.run(AbstractRemoteTestNG.java:115)
at org.testng.remote.RemoteTestNG.initAndRun(RemoteTestNG.java:293)
at org.testng.remote.RemoteTestNG.main(RemoteTestNG.java:91)
]]>
            </full-stacktrace>
          </exception> <!-- java.lang.NullPointerException -->
          <reporter-output>
          </reporter-output>
        </test-method> <!-- LoginTest_NegativeScenario -->
        <test-method is-config="true" signature="closeBrowser()[pri:0, instance:tests.LoginTest_Happy_And_Negative_Scenario@18317edc]" started-at="2025-05-12T16:45:47 EEST" name="closeBrowser" finished-at="2025-05-12T16:45:48 EEST" duration-ms="1385" status="PASS">
          <reporter-output>
          </reporter-output>
        </test-method> <!-- closeBrowser -->
      </class> <!-- tests.LoginTest_Happy_And_Negative_Scenario -->
      <class name="tests.PlaceOrderTest">
        <test-method is-config="true" signature="openBrowser()[pri:0, instance:tests.PlaceOrderTest@4e0ae11f]" started-at="2025-05-12T16:45:48 EEST" name="openBrowser" finished-at="2025-05-12T16:45:57 EEST" duration-ms="9129" status="PASS">
          <reporter-output>
          </reporter-output>
        </test-method> <!-- openBrowser -->
        <test-method signature="userCanCheckoutOrder(java.lang.String,java.lang.String,java.lang.String,java.lang.String,java.lang.String,java.lang.String,java.lang.String,java.lang.String,java.lang.String,java.lang.String,java.lang.String)[pri:1, instance:tests.PlaceOrderTest@4e0ae11f]" started-at="2025-05-12T16:45:57 EEST" name="userCanCheckoutOrder" data-provider="registerBasicData" finished-at="2025-05-12T16:46:58 EEST" duration-ms="60343" status="FAIL">
          <params>
            <param index="0">
              <value>
                <![CDATA[OmarSaleh]]>
              </value>
            </param>
            <param index="1">
              <value>
                <![CDATA[mohamedElaraby5@gmail.com]]>
              </value>
            </param>
            <param index="2">
              <value>
                <![CDATA[456789]]>
              </value>
            </param>
            <param index="3">
              <value>
                <![CDATA[Omar]]>
              </value>
            </param>
            <param index="4">
              <value>
                <![CDATA[Saleh]]>
              </value>
            </param>
            <param index="5">
              <value>
                <![CDATA[Cairo]]>
              </value>
            </param>
            <param index="6">
              <value>
                <![CDATA[United States]]>
              </value>
            </param>
            <param index="7">
              <value>
                <![CDATA[New york]]>
              </value>
            </param>
            <param index="8">
              <value>
                <![CDATA[Manhatten]]>
              </value>
            </param>
            <param index="9">
              <value>
                <![CDATA[1230213]]>
              </value>
            </param>
            <param index="10">
              <value>
                <![CDATA[01105231222]]>
              </value>
            </param>
          </params>
          <exception class="org.openqa.selenium.TimeoutException">
            <message>
              <![CDATA[Expected condition failed: waiting for visibility of element located by By.linkText: Congratulations! Your order has been confirmed! (tried for 30 second(s) with 500 milliseconds interval)
Build info: version: '4.31.0', revision: '1ef9f18787*'
System info: os.name: 'Windows 11', os.arch: 'amd64', os.version: '10.0', java.version: '21.0.1'
Driver info: org.openqa.selenium.edge.EdgeDriver
Capabilities {acceptInsecureCerts: false, browserName: MicrosoftEdge, browserVersion: 136.0.3240.64, fedcm:accounts: true, ms:edgeOptions: {debuggerAddress: localhost:59612}, msedge: {msedgedriverVersion: 136.0.3240.64 (e3a39d3fa3c6..., userDataDir: C:\Users\ENGMOH~1\AppData\L...}, networkConnectionEnabled: false, pageLoadStrategy: normal, platformName: windows, proxy: Proxy(), se:cdp: ws://localhost:59612/devtoo..., se:cdpVersion: 136.0.3240.64, setWindowRect: true, strictFileInteractability: false, timeouts: {implicit: 0, pageLoad: 300000, script: 30000}, unhandledPromptBehavior: dismiss and notify, webauthn:extension:credBlob: true, webauthn:extension:largeBlob: true, webauthn:extension:minPinLength: true, webauthn:extension:prf: true, webauthn:virtualAuthenticators: true}
Session ID: bba6e5442ad57368dcb3669b88ec7f8d]]>
            </message>
            <full-stacktrace>
              <![CDATA[org.openqa.selenium.TimeoutException: Expected condition failed: waiting for visibility of element located by By.linkText: Congratulations! Your order has been confirmed! (tried for 30 second(s) with 500 milliseconds interval)
Build info: version: '4.31.0', revision: '1ef9f18787*'
System info: os.name: 'Windows 11', os.arch: 'amd64', os.version: '10.0', java.version: '21.0.1'
Driver info: org.openqa.selenium.edge.EdgeDriver
Capabilities {acceptInsecureCerts: false, browserName: MicrosoftEdge, browserVersion: 136.0.3240.64, fedcm:accounts: true, ms:edgeOptions: {debuggerAddress: localhost:59612}, msedge: {msedgedriverVersion: 136.0.3240.64 (e3a39d3fa3c6..., userDataDir: C:\Users\ENGMOH~1\AppData\L...}, networkConnectionEnabled: false, pageLoadStrategy: normal, platformName: windows, proxy: Proxy(), se:cdp: ws://localhost:59612/devtoo..., se:cdpVersion: 136.0.3240.64, setWindowRect: true, strictFileInteractability: false, timeouts: {implicit: 0, pageLoad: 300000, script: 30000}, unhandledPromptBehavior: dismiss and notify, webauthn:extension:credBlob: true, webauthn:extension:largeBlob: true, webauthn:extension:minPinLength: true, webauthn:extension:prf: true, webauthn:virtualAuthenticators: true}
Session ID: bba6e5442ad57368dcb3669b88ec7f8d
at org.openqa.selenium.support.ui.WebDriverWait.timeoutException(WebDriverWait.java:84)
at org.openqa.selenium.support.ui.FluentWait.until(FluentWait.java:228)
at pages.PaymentPage.EnterPaymentInfo(PaymentPage.java:35)
at tests.PlaceOrderTest.userCanCheckoutOrder(PlaceOrderTest.java:43)
at java.base/jdk.internal.reflect.DirectMethodHandleAccessor.invoke(DirectMethodHandleAccessor.java:103)
at java.base/java.lang.reflect.Method.invoke(Method.java:580)
at org.testng.internal.invokers.MethodInvocationHelper.invokeMethod(MethodInvocationHelper.java:141)
at org.testng.internal.invokers.TestInvoker.invokeMethod(TestInvoker.java:687)
at org.testng.internal.invokers.TestInvoker.invokeTestMethod(TestInvoker.java:230)
at org.testng.internal.invokers.MethodRunner.runInSequence(MethodRunner.java:63)
at org.testng.internal.invokers.TestInvoker$MethodInvocationAgent.invoke(TestInvoker.java:995)
at org.testng.internal.invokers.TestInvoker.invokeTestMethods(TestInvoker.java:203)
at org.testng.internal.invokers.TestMethodWorker.invokeTestMethods(TestMethodWorker.java:154)
at org.testng.internal.invokers.TestMethodWorker.run(TestMethodWorker.java:134)
at java.base/java.util.ArrayList.forEach(ArrayList.java:1596)
at org.testng.TestRunner.privateRun(TestRunner.java:741)
at org.testng.TestRunner.run(TestRunner.java:616)
at org.testng.SuiteRunner.runTest(SuiteRunner.java:421)
at org.testng.SuiteRunner.runSequentially(SuiteRunner.java:413)
at org.testng.SuiteRunner.privateRun(SuiteRunner.java:373)
at org.testng.SuiteRunner.run(SuiteRunner.java:312)
at org.testng.SuiteRunnerWorker.runSuite(SuiteRunnerWorker.java:52)
at org.testng.SuiteRunnerWorker.run(SuiteRunnerWorker.java:95)
at org.testng.TestNG.runSuitesSequentially(TestNG.java:1274)
at org.testng.TestNG.runSuitesLocally(TestNG.java:1208)
at org.testng.TestNG.runSuites(TestNG.java:1112)
at org.testng.TestNG.run(TestNG.java:1079)
at org.testng.remote.AbstractRemoteTestNG.run(AbstractRemoteTestNG.java:115)
at org.testng.remote.RemoteTestNG.initAndRun(RemoteTestNG.java:293)
at org.testng.remote.RemoteTestNG.main(RemoteTestNG.java:91)
]]>
            </full-stacktrace>
          </exception> <!-- org.openqa.selenium.TimeoutException -->
          <reporter-output>
          </reporter-output>
        </test-method> <!-- userCanCheckoutOrder -->
        <test-method is-config="true" signature="closeBrowser()[pri:0, instance:tests.PlaceOrderTest@4e0ae11f]" started-at="2025-05-12T16:46:58 EEST" name="closeBrowser" finished-at="2025-05-12T16:46:59 EEST" duration-ms="1428" status="PASS">
          <reporter-output>
          </reporter-output>
        </test-method> <!-- closeBrowser -->
      </class> <!-- tests.PlaceOrderTest -->
      <class name="tests.VerifyAllProduct">
        <test-method is-config="true" signature="openBrowser()[pri:0, instance:tests.VerifyAllProduct@34129c78]" started-at="2025-05-12T16:49:09 EEST" name="openBrowser" finished-at="2025-05-12T16:49:18 EEST" duration-ms="9108" status="PASS">
          <reporter-output>
          </reporter-output>
        </test-method> <!-- openBrowser -->
        <test-method signature="verifyAllProducts()[pri:0, instance:tests.VerifyAllProduct@34129c78]" started-at="2025-05-12T16:49:18 EEST" name="verifyAllProducts" finished-at="2025-05-12T16:49:29 EEST" duration-ms="10906" status="PASS">
          <reporter-output>
          </reporter-output>
        </test-method> <!-- verifyAllProducts -->
        <test-method is-config="true" signature="closeBrowser()[pri:0, instance:tests.VerifyAllProduct@34129c78]" started-at="2025-05-12T16:49:29 EEST" name="closeBrowser" finished-at="2025-05-12T16:49:30 EEST" duration-ms="1352" status="PASS">
          <reporter-output>
          </reporter-output>
        </test-method> <!-- closeBrowser -->
      </class> <!-- tests.VerifyAllProduct -->
      <class name="tests.VerifyScroll">
        <test-method is-config="true" signature="openBrowser()[pri:0, instance:tests.VerifyScroll@222a59e6]" started-at="2025-05-12T16:49:44 EEST" name="openBrowser" finished-at="2025-05-12T16:49:53 EEST" duration-ms="8111" status="PASS">
          <reporter-output>
          </reporter-output>
        </test-method> <!-- openBrowser -->
        <test-method signature="ScrollUPDwonUsingArrowbutton()[pri:1, instance:tests.VerifyScroll@222a59e6]" started-at="2025-05-12T16:49:53 EEST" name="ScrollUPDwonUsingArrowbutton" finished-at="2025-05-12T16:49:53 EEST" duration-ms="246" status="PASS">
          <reporter-output>
          </reporter-output>
        </test-method> <!-- ScrollUPDwonUsingArrowbutton -->
        <test-method signature="ScrollUPDwonWithoutUsingArrowbutton()[pri:2, instance:tests.VerifyScroll@222a59e6]" started-at="2025-05-12T16:49:53 EEST" name="ScrollUPDwonWithoutUsingArrowbutton" finished-at="2025-05-12T16:49:53 EEST" duration-ms="280" status="PASS">
          <reporter-output>
          </reporter-output>
        </test-method> <!-- ScrollUPDwonWithoutUsingArrowbutton -->
        <test-method is-config="true" signature="closeBrowser()[pri:0, instance:tests.VerifyScroll@222a59e6]" started-at="2025-05-12T16:49:53 EEST" name="closeBrowser" finished-at="2025-05-12T16:49:54 EEST" duration-ms="1324" status="PASS">
          <reporter-output>
          </reporter-output>
        </test-method> <!-- closeBrowser -->
      </class> <!-- tests.VerifyScroll -->
      <class name="tests.VerifyProductQuantityInCart">
        <test-method is-config="true" signature="openBrowser()[pri:0, instance:tests.VerifyProductQuantityInCart@62656be4]" started-at="2025-05-12T16:48:09 EEST" name="openBrowser" finished-at="2025-05-12T16:48:20 EEST" duration-ms="11313" status="PASS">
          <reporter-output>
          </reporter-output>
        </test-method> <!-- openBrowser -->
        <test-method signature="verifyProductQuantityInCart()[pri:0, instance:tests.VerifyProductQuantityInCart@62656be4]" started-at="2025-05-12T16:48:20 EEST" name="verifyProductQuantityInCart" description="Verify Product quantity in Cart" finished-at="2025-05-12T16:48:29 EEST" duration-ms="8301" status="PASS">
          <reporter-output>
          </reporter-output>
        </test-method> <!-- verifyProductQuantityInCart -->
        <test-method is-config="true" signature="closeBrowser()[pri:0, instance:tests.VerifyProductQuantityInCart@62656be4]" started-at="2025-05-12T16:48:29 EEST" name="closeBrowser" finished-at="2025-05-12T16:48:30 EEST" duration-ms="1308" status="PASS">
          <reporter-output>
          </reporter-output>
        </test-method> <!-- closeBrowser -->
      </class> <!-- tests.VerifyProductQuantityInCart -->
      <class name="tests.SearchProductsandVerifyCartAfterLogin">
        <test-method is-config="true" signature="openBrowser()[pri:0, instance:tests.SearchProductsandVerifyCartAfterLogin@376a0d86]" started-at="2025-05-12T16:47:38 EEST" name="openBrowser" finished-at="2025-05-12T16:47:48 EEST" duration-ms="9774" status="PASS">
          <reporter-output>
          </reporter-output>
        </test-method> <!-- openBrowser -->
        <test-method signature="Shearch()[pri:1, instance:tests.SearchProductsandVerifyCartAfterLogin@376a0d86]" started-at="2025-05-12T16:47:48 EEST" name="Shearch" finished-at="2025-05-12T16:48:08 EEST" duration-ms="19654" status="PASS">
          <reporter-output>
          </reporter-output>
        </test-method> <!-- Shearch -->
        <test-method is-config="true" signature="closeBrowser()[pri:0, instance:tests.SearchProductsandVerifyCartAfterLogin@376a0d86]" started-at="2025-05-12T16:48:08 EEST" name="closeBrowser" finished-at="2025-05-12T16:48:09 EEST" duration-ms="1630" status="PASS">
          <reporter-output>
          </reporter-output>
        </test-method> <!-- closeBrowser -->
      </class> <!-- tests.SearchProductsandVerifyCartAfterLogin -->
      <class name="tests.ContactUs">
        <test-method is-config="true" signature="openBrowser()[pri:0, instance:tests.ContactUs@565f390]" started-at="2025-05-12T16:45:24 EEST" name="openBrowser" finished-at="2025-05-12T16:45:35 EEST" duration-ms="11105" status="PASS">
          <reporter-output>
          </reporter-output>
        </test-method> <!-- openBrowser -->
        <test-method signature="UserCanContactUs()[pri:0, instance:tests.ContactUs@565f390]" started-at="2025-05-12T16:45:35 EEST" name="UserCanContactUs" finished-at="2025-05-12T16:45:39 EEST" duration-ms="3382" status="PASS">
          <reporter-output>
          </reporter-output>
        </test-method> <!-- UserCanContactUs -->
        <test-method is-config="true" signature="closeBrowser()[pri:0, instance:tests.ContactUs@565f390]" started-at="2025-05-12T16:45:39 EEST" name="closeBrowser" finished-at="2025-05-12T16:45:40 EEST" duration-ms="1380" status="PASS">
          <reporter-output>
          </reporter-output>
        </test-method> <!-- closeBrowser -->
      </class> <!-- tests.ContactUs -->
      <class name="tests.VerifyTestCasesPage">
        <test-method is-config="true" signature="openBrowser()[pri:0, instance:tests.VerifyTestCasesPage@7d61eb55]" started-at="2025-05-12T16:49:30 EEST" name="openBrowser" finished-at="2025-05-12T16:49:40 EEST" duration-ms="9972" status="PASS">
          <reporter-output>
          </reporter-output>
        </test-method> <!-- openBrowser -->
        <test-method signature="TestCasesPageExist()[pri:0, instance:tests.VerifyTestCasesPage@7d61eb55]" started-at="2025-05-12T16:49:40 EEST" name="TestCasesPageExist" finished-at="2025-05-12T16:49:43 EEST" duration-ms="2811" status="PASS">
          <reporter-output>
          </reporter-output>
        </test-method> <!-- TestCasesPageExist -->
        <test-method is-config="true" signature="closeBrowser()[pri:0, instance:tests.VerifyTestCasesPage@7d61eb55]" started-at="2025-05-12T16:49:43 EEST" name="closeBrowser" finished-at="2025-05-12T16:49:44 EEST" duration-ms="1280" status="PASS">
          <reporter-output>
          </reporter-output>
        </test-method> <!-- closeBrowser -->
      </class> <!-- tests.VerifyTestCasesPage -->
      <class name="tests.AddReviewTest">
        <test-method is-config="true" signature="openBrowser()[pri:0, instance:tests.AddReviewTest@13d73f29]" started-at="2025-05-12T16:44:56 EEST" name="openBrowser" finished-at="2025-05-12T16:45:08 EEST" duration-ms="12346" status="PASS">
          <reporter-output>
          </reporter-output>
        </test-method> <!-- openBrowser -->
        <test-method signature="addReview()[pri:0, instance:tests.AddReviewTest@13d73f29]" started-at="2025-05-12T16:45:08 EEST" name="addReview" finished-at="2025-05-12T16:45:23 EEST" duration-ms="14597" status="PASS">
          <reporter-output>
          </reporter-output>
        </test-method> <!-- addReview -->
        <test-method is-config="true" signature="closeBrowser()[pri:0, instance:tests.AddReviewTest@13d73f29]" started-at="2025-05-12T16:45:23 EEST" name="closeBrowser" finished-at="2025-05-12T16:45:24 EEST" duration-ms="1339" status="PASS">
          <reporter-output>
          </reporter-output>
        </test-method> <!-- closeBrowser -->
      </class> <!-- tests.AddReviewTest -->
    </test> <!-- Regression test -->
  </suite> <!-- Automation-Exercise Regression suite -->
</testng-results>
